[0630/154409.279:ERROR:prune_crash_reports.cc(35)] PruneCrashReportDatabase: Failed to get pending reports
[1013/161744.382:ERROR:prune_crash_reports.cc(36)] PruneCrashReportDatabase: Failed to get pending reports
[1014/113948.093:ERROR:directory_reader_win.cc(43)] FindFirstFile: The system cannot find the path specified. (0x3)
[1014/144315.220:ERROR:directory_reader_win.cc(43)] FindFirstFile: The system cannot find the path specified. (0x3)
[1014/144345.108:ERROR:filesystem_win.cc(129)] GetFileAttributes C:\Users\Kalyani\AppData\Local\Temp\scoped_dir14916_2122486600\Crashpad\attachments\dd2c503d-c81a-4525-9fb9-bd758830fde9: The system cannot find the path specified. (0x3)
[1015/181202.318:ERROR:directory_reader_win.cc(43)] FindFirstFile: The system cannot find the path specified. (0x3)
[1016/153032.980:ERROR:directory_reader_win.cc(43)] FindFirstFile: The system cannot find the path specified. (0x3)
[1016/154517.134:ERROR:directory_reader_win.cc(43)] FindFirstFile: The system cannot find the path specified. (0x3)
[1016/160112.570:ERROR:directory_reader_win.cc(43)] FindFirstFile: The system cannot find the path specified. (0x3)
[1016/162256.487:ERROR:directory_reader_win.cc(43)] FindFirstFile: The system cannot find the path specified. (0x3)
[1016/165551.315:ERROR:directory_reader_win.cc(43)] FindFirstFile: The system cannot find the path specified. (0x3)
[1016/170238.880:ERROR:directory_reader_win.cc(43)] FindFirstFile: The system cannot find the path specified. (0x3)
[1016/170749.917:ERROR:directory_reader_win.cc(43)] FindFirstFile: The system cannot find the path specified. (0x3)
[1112/145512.459:ERROR:process_reader_win.cc(151)] SuspendThread: Access is denied. (0x5)
[1112/145512.561:ERROR:exception_snapshot_win.cc(99)] thread ID 9388 not found in process
[1112/145512.561:ERROR:scoped_process_suspend.cc(40)] NtResumeProcess: An attempt was made to access an exiting process. (0xc000010a)
[1117/170511.246:ERROR:directory_reader_win.cc(43)] FindFirstFile: The system cannot find the path specified. (0x3)
[1117/171429.568:ERROR:directory_reader_win.cc(43)] FindFirstFile: The system cannot find the path specified. (0x3)
[1117/175736.619:ERROR:directory_reader_win.cc(43)] FindFirstFile: The system cannot find the path specified. (0x3)
[1119/171443.202:ERROR:directory_reader_win.cc(43)] FindFirstFile: The system cannot find the path specified. (0x3)
[1120/121527.545:ERROR:directory_reader_win.cc(43)] FindFirstFile: The system cannot find the path specified. (0x3)
[1120/165156.754:ERROR:directory_reader_win.cc(43)] FindFirstFile: The system cannot find the path specified. (0x3)
[1130/103701.825:ERROR:directory_reader_win.cc(43)] FindFirstFile: The system cannot find the path specified. (0x3)
[1130/112351.666:ERROR:directory_reader_win.cc(43)] FindFirstFile: The system cannot find the path specified. (0x3)
[1130/120257.362:ERROR:directory_reader_win.cc(43)] FindFirstFile: The system cannot find the path specified. (0x3)
[1130/134039.072:ERROR:directory_reader_win.cc(43)] FindFirstFile: The system cannot find the path specified. (0x3)
[1130/134048.686:ERROR:filesystem_win.cc(129)] GetFileAttributes C:\Users\Kalyani\AppData\Local\Temp\scoped_dir16540_444179872\Crashpad\attachments\952dc54c-ef1d-4811-ac6a-8b29e21ff007: The system cannot find the path specified. (0x3)
[1130/134640.709:ERROR:directory_reader_win.cc(43)] FindFirstFile: The system cannot find the path specified. (0x3)
[1130/143825.768:ERROR:filesystem_win.cc(129)] GetFileAttributes C:\Users\Kalyani\AppData\Local\Temp\scoped_dir16124_1640824905\Crashpad\attachments\6fe3bafa-8a69-4607-b7d7-f443fab01e40: The system cannot find the path specified. (0x3)
[1130/143825.768:ERROR:filesystem_win.cc(129)] GetFileAttributes C:\Users\Kalyani\AppData\Local\Temp\scoped_dir14360_1085560560\Crashpad\attachments\d5be78ce-d338-4d9a-b424-68f170c96384: The system cannot find the path specified. (0x3)
[1201/123121.527:ERROR:directory_reader_win.cc(43)] FindFirstFile: The system cannot find the path specified. (0x3)
[1201/131943.315:ERROR:directory_reader_win.cc(43)] FindFirstFile: The system cannot find the path specified. (0x3)
[1201/133333.896:ERROR:directory_reader_win.cc(43)] FindFirstFile: The system cannot find the path specified. (0x3)
[1222/124447.931:ERROR:directory_reader_win.cc(43)] FindFirstFile: The system cannot find the path specified. (0x3)
[1222/130620.852:ERROR:directory_reader_win.cc(43)] FindFirstFile: The system cannot find the path specified. (0x3)
[1222/153823.027:ERROR:filesystem_win.cc(129)] GetFileAttributes C:\Users\Kalyani\AppData\Local\Temp\scoped_dir13780_1448421433\Crashpad\attachments\f1400568-3e14-46b9-94d5-2219059cc0fc: The system cannot find the path specified. (0x3)
[1222/154709.532:ERROR:directory_reader_win.cc(43)] FindFirstFile: The system cannot find the path specified. (0x3)
[1228/135550.913:ERROR:directory_reader_win.cc(43)] FindFirstFile: The system cannot find the path specified. (0x3)
[1228/145115.926:ERROR:filesystem_win.cc(129)] GetFileAttributes C:\Users\Kalyani\AppData\Local\Temp\scoped_dir8652_1004977290\Crashpad\attachments\5e1b35f2-7583-4b48-8b21-58e49de14b75: The system cannot find the path specified. (0x3)
[1228/154658.945:ERROR:directory_reader_win.cc(43)] FindFirstFile: The system cannot find the path specified. (0x3)
[1228/161551.908:ERROR:directory_reader_win.cc(43)] FindFirstFile: The system cannot find the path specified. (0x3)
[1228/163937.761:ERROR:directory_reader_win.cc(43)] FindFirstFile: The system cannot find the path specified. (0x3)
[1228/165751.014:ERROR:directory_reader_win.cc(43)] FindFirstFile: The system cannot find the path specified. (0x3)
[1229/174128.129:ERROR:directory_reader_win.cc(43)] FindFirstFile: The system cannot find the path specified. (0x3)
[0104/163847.080:ERROR:directory_reader_win.cc(43)] FindFirstFile: The system cannot find the path specified. (0x3)
[0111/130716.572:ERROR:directory_reader_win.cc(43)] FindFirstFile: The system cannot find the path specified. (0x3)
[0111/135444.172:ERROR:directory_reader_win.cc(43)] FindFirstFile: The system cannot find the path specified. (0x3)
[0111/143209.060:ERROR:directory_reader_win.cc(43)] FindFirstFile: The system cannot find the path specified. (0x3)
[0111/151541.303:ERROR:directory_reader_win.cc(43)] FindFirstFile: The system cannot find the path specified. (0x3)
